Rodar o script como Root
====> Adicionando repositorio 
Loaded plugins: fastestmirror, langpacks, refresh-packagekit
Examining /var/tmp/yum-root-S_fEAt/rpmfusion-free-release-stable.noarch.rpm: rpmfusion-free-release-19-1.noarch
/var/tmp/yum-root-S_fEAt/rpmfusion-free-release-stable.noarch.rpm: does not update installed package.
Examining /var/tmp/yum-root-S_fEAt/rpmfusion-nonfree-release-stable.noarch.rpm: rpmfusion-nonfree-release-19-1.noarch
/var/tmp/yum-root-S_fEAt/rpmfusion-nonfree-release-stable.noarch.rpm: does not update installed package.
Nothing to do
====> Fazendo update 
Loaded plugins: fastestmirror, langpacks, refresh-packagekit
Loading mirror speeds from cached hostfile
 * fedora: mirror.globo.com
 * rpmfusion-free: mirror.pw
 * rpmfusion-free-updates: mirror.pw
 * rpmfusion-nonfree: mirror.pw
 * rpmfusion-nonfree-updates: mirror.pw
 * updates: mirror.globo.com
No packages marked for update
Loaded plugins: fastestmirror, langpacks, refresh-packagekit
Loading mirror speeds from cached hostfile
 * fedora: mirror.globo.com
 * rpmfusion-free: mirror.pw
 * rpmfusion-free-updates: mirror.pw
 * rpmfusion-nonfree: mirror.pw
 * rpmfusion-nonfree-updates: mirror.pw
 * updates: mirror.globo.com
No packages marked for update
Loaded plugins: fastestmirror, langpacks, refresh-packagekit
Loading mirror speeds from cached hostfile
 * fedora: mirror.globo.com
 * rpmfusion-free: mirror.pw
 * rpmfusion-free-updates: mirror.pw
 * rpmfusion-nonfree: mirror.pw
 * rpmfusion-nonfree-updates: mirror.pw
 * updates: mirror.globo.com
No packages needed for security; 0 packages available
No packages marked for update
====> Dependencias para instalar o oracle XE
Loaded plugins: fastestmirror, langpacks, refresh-packagekit
Loading mirror speeds from cached hostfile
 * fedora: mirror.globo.com
 * rpmfusion-free: mirror.pw
 * rpmfusion-free-updates: mirror.pw
 * rpmfusion-nonfree: mirror.pw
 * rpmfusion-nonfree-updates: mirror.pw
 * updates: mirror.globo.com
Package binutils-2.23.88.0.1-13.fc20.x86_64 already installed and latest version
Nothing to do
Loaded plugins: fastestmirror, langpacks, refresh-packagekit
Loading mirror speeds from cached hostfile
 * fedora: mirror.globo.com
 * rpmfusion-free: mirror.pw
 * rpmfusion-free-updates: mirror.pw
 * rpmfusion-nonfree: mirror.pw
 * rpmfusion-nonfree-updates: mirror.pw
 * updates: mirror.globo.com
Package compat-libstdc++-33-3.2.3-68.7.x86_64 already installed and latest version
Nothing to do
Loaded plugins: fastestmirror, langpacks, refresh-packagekit
Loading mirror speeds from cached hostfile
 * fedora: mirror.globo.com
 * rpmfusion-free: mirror.pw
 * rpmfusion-free-updates: mirror.pw
 * rpmfusion-nonfree: mirror.pw
 * rpmfusion-nonfree-updates: mirror.pw
 * updates: mirror.globo.com
Package compat-libstdc++-33-3.2.3-68.7.i686 already installed and latest version
Nothing to do
Loaded plugins: fastestmirror, langpacks, refresh-packagekit
Loading mirror speeds from cached hostfile
 * fedora: mirror.globo.com
 * rpmfusion-free: mirror.pw
 * rpmfusion-free-updates: mirror.pw
 * rpmfusion-nonfree: mirror.pw
 * rpmfusion-nonfree-updates: mirror.pw
 * updates: mirror.globo.com
Package elfutils-libelf-0.160-1.fc20.x86_64 already installed and latest version
Nothing to do
Loaded plugins: fastestmirror, langpacks, refresh-packagekit
Loading mirror speeds from cached hostfile
 * fedora: mirror.globo.com
 * rpmfusion-free: mirror.pw
 * rpmfusion-free-updates: mirror.pw
 * rpmfusion-nonfree: mirror.pw
 * rpmfusion-nonfree-updates: mirror.pw
 * updates: mirror.globo.com
Package elfutils-libelf-devel-0.160-1.fc20.x86_64 already installed and latest version
Nothing to do
Loaded plugins: fastestmirror, langpacks, refresh-packagekit
Loading mirror speeds from cached hostfile
 * fedora: mirror.globo.com
 * rpmfusion-free: mirror.pw
 * rpmfusion-free-updates: mirror.pw
 * rpmfusion-nonfree: mirror.pw
 * rpmfusion-nonfree-updates: mirror.pw
 * updates: mirror.globo.com
Package gcc-4.8.3-7.fc20.x86_64 already installed and latest version
Nothing to do
Loaded plugins: fastestmirror, langpacks, refresh-packagekit
Loading mirror speeds from cached hostfile
 * fedora: mirror.globo.com
 * rpmfusion-free: mirror.pw
 * rpmfusion-free-updates: mirror.pw
 * rpmfusion-nonfree: mirror.pw
 * rpmfusion-nonfree-updates: mirror.pw
 * updates: mirror.globo.com
Package gcc-c++-4.8.3-7.fc20.x86_64 already installed and latest version
Nothing to do
Loaded plugins: fastestmirror, langpacks, refresh-packagekit
Loading mirror speeds from cached hostfile
 * fedora: mirror.globo.com
 * rpmfusion-free: mirror.pw
 * rpmfusion-free-updates: mirror.pw
 * rpmfusion-nonfree: mirror.pw
 * rpmfusion-nonfree-updates: mirror.pw
 * updates: mirror.globo.com
Package glibc-2.18-16.fc20.x86_64 already installed and latest version
Nothing to do
Loaded plugins: fastestmirror, langpacks, refresh-packagekit
Loading mirror speeds from cached hostfile
 * fedora: mirror.globo.com
 * rpmfusion-free: mirror.pw
 * rpmfusion-free-updates: mirror.pw
 * rpmfusion-nonfree: mirror.pw
 * rpmfusion-nonfree-updates: mirror.pw
 * updates: mirror.globo.com
Package glibc-2.18-16.fc20.i686 already installed and latest version
Nothing to do
Loaded plugins: fastestmirror, langpacks, refresh-packagekit
Loading mirror speeds from cached hostfile
 * fedora: mirror.globo.com
 * rpmfusion-free: mirror.pw
 * rpmfusion-free-updates: mirror.pw
 * rpmfusion-nonfree: mirror.pw
 * rpmfusion-nonfree-updates: mirror.pw
 * updates: mirror.globo.com
Package glibc-common-2.18-16.fc20.x86_64 already installed and latest version
Nothing to do
Loaded plugins: fastestmirror, langpacks, refresh-packagekit
Loading mirror speeds from cached hostfile
 * fedora: mirror.globo.com
 * rpmfusion-free: mirror.pw
 * rpmfusion-free-updates: mirror.pw
 * rpmfusion-nonfree: mirror.pw
 * rpmfusion-nonfree-updates: mirror.pw
 * updates: mirror.globo.com
Package glibc-devel-2.18-16.fc20.x86_64 already installed and latest version
Nothing to do
Loaded plugins: fastestmirror, langpacks, refresh-packagekit
Loading mirror speeds from cached hostfile
 * fedora: mirror.globo.com
 * rpmfusion-free: mirror.pw
 * rpmfusion-free-updates: mirror.pw
 * rpmfusion-nonfree: mirror.pw
 * rpmfusion-nonfree-updates: mirror.pw
 * updates: mirror.globo.com
Package glibc-headers-2.18-16.fc20.x86_64 already installed and latest version
Nothing to do
Loaded plugins: fastestmirror, langpacks, refresh-packagekit
Loading mirror speeds from cached hostfile
 * fedora: mirror.globo.com
 * rpmfusion-free: mirror.pw
 * rpmfusion-free-updates: mirror.pw
 * rpmfusion-nonfree: mirror.pw
 * rpmfusion-nonfree-updates: mirror.pw
 * updates: mirror.globo.com
Package glibc-devel-2.18-16.fc20.i686 already installed and latest version
Nothing to do
Loaded plugins: fastestmirror, langpacks, refresh-packagekit
Loading mirror speeds from cached hostfile
 * fedora: mirror.globo.com
 * rpmfusion-free: mirror.pw
 * rpmfusion-free-updates: mirror.pw
 * rpmfusion-nonfree: mirror.pw
 * rpmfusion-nonfree-updates: mirror.pw
 * updates: mirror.globo.com
Package ksh-20120801-19.fc20.x86_64 already installed and latest version
Nothing to do
Loaded plugins: fastestmirror, langpacks, refresh-packagekit
Loading mirror speeds from cached hostfile
 * fedora: mirror.globo.com
 * rpmfusion-free: mirror.pw
 * rpmfusion-free-updates: mirror.pw
 * rpmfusion-nonfree: mirror.pw
 * rpmfusion-nonfree-updates: mirror.pw
 * updates: mirror.globo.com
Package libaio-0.3.109-8.fc20.x86_64 already installed and latest version
Nothing to do
Loaded plugins: fastestmirror, langpacks, refresh-packagekit
Loading mirror speeds from cached hostfile
 * fedora: mirror.globo.com
 * rpmfusion-free: mirror.pw
 * rpmfusion-free-updates: mirror.pw
 * rpmfusion-nonfree: mirror.pw
 * rpmfusion-nonfree-updates: mirror.pw
 * updates: mirror.globo.com
Package libaio-0.3.109-8.fc20.i686 already installed and latest version
Nothing to do
Loaded plugins: fastestmirror, langpacks, refresh-packagekit
Loading mirror speeds from cached hostfile
 * fedora: mirror.globo.com
 * rpmfusion-free: mirror.pw
 * rpmfusion-free-updates: mirror.pw
 * rpmfusion-nonfree: mirror.pw
 * rpmfusion-nonfree-updates: mirror.pw
 * updates: mirror.globo.com
Package libaio-devel-0.3.109-8.fc20.x86_64 already installed and latest version
Nothing to do
Loaded plugins: fastestmirror, langpacks, refresh-packagekit
Loading mirror speeds from cached hostfile
 * fedora: mirror.globo.com
 * rpmfusion-free: mirror.pw
 * rpmfusion-free-updates: mirror.pw
 * rpmfusion-nonfree: mirror.pw
 * rpmfusion-nonfree-updates: mirror.pw
 * updates: mirror.globo.com
Package libaio-devel-0.3.109-8.fc20.i686 already installed and latest version
Nothing to do
Loaded plugins: fastestmirror, langpacks, refresh-packagekit
Loading mirror speeds from cached hostfile
 * fedora: mirror.globo.com
 * rpmfusion-free: mirror.pw
 * rpmfusion-free-updates: mirror.pw
 * rpmfusion-nonfree: mirror.pw
 * rpmfusion-nonfree-updates: mirror.pw
 * updates: mirror.globo.com
Package libgcc-4.8.3-7.fc20.x86_64 already installed and latest version
Nothing to do
Loaded plugins: fastestmirror, langpacks, refresh-packagekit
Loading mirror speeds from cached hostfile
 * fedora: mirror.globo.com
 * rpmfusion-free: mirror.pw
 * rpmfusion-free-updates: mirror.pw
 * rpmfusion-nonfree: mirror.pw
 * rpmfusion-nonfree-updates: mirror.pw
 * updates: mirror.globo.com
Package libgcc-4.8.3-7.fc20.i686 already installed and latest version
Nothing to do
Loaded plugins: fastestmirror, langpacks, refresh-packagekit
Loading mirror speeds from cached hostfile
 * fedora: mirror.globo.com
 * rpmfusion-free: mirror.pw
 * rpmfusion-free-updates: mirror.pw
 * rpmfusion-nonfree: mirror.pw
 * rpmfusion-nonfree-updates: mirror.pw
 * updates: mirror.globo.com
Package libstdc++-4.8.3-7.fc20.x86_64 already installed and latest version
Nothing to do
Loaded plugins: fastestmirror, langpacks, refresh-packagekit
Loading mirror speeds from cached hostfile
 * fedora: mirror.globo.com
 * rpmfusion-free: mirror.pw
 * rpmfusion-free-updates: mirror.pw
 * rpmfusion-nonfree: mirror.pw
 * rpmfusion-nonfree-updates: mirror.pw
 * updates: mirror.globo.com
Package libstdc++-4.8.3-7.fc20.i686 already installed and latest version
Nothing to do
Loaded plugins: fastestmirror, langpacks, refresh-packagekit
Loading mirror speeds from cached hostfile
 * fedora: mirror.globo.com
 * rpmfusion-free: mirror.pw
 * rpmfusion-free-updates: mirror.pw
 * rpmfusion-nonfree: mirror.pw
 * rpmfusion-nonfree-updates: mirror.pw
 * updates: mirror.globo.com
Package libstdc++-devel-4.8.3-7.fc20.x86_64 already installed and latest version
Nothing to do
Loaded plugins: fastestmirror, langpacks, refresh-packagekit
Loading mirror speeds from cached hostfile
 * fedora: mirror.globo.com
 * rpmfusion-free: mirror.pw
 * rpmfusion-free-updates: mirror.pw
 * rpmfusion-nonfree: mirror.pw
 * rpmfusion-nonfree-updates: mirror.pw
 * updates: mirror.globo.com
Package 1:make-3.82-19.fc20.x86_64 already installed and latest version
Nothing to do
Loaded plugins: fastestmirror, langpacks, refresh-packagekit
Loading mirror speeds from cached hostfile
 * fedora: mirror.globo.com
 * rpmfusion-free: mirror.pw
 * rpmfusion-free-updates: mirror.pw
 * rpmfusion-nonfree: mirror.pw
 * rpmfusion-nonfree-updates: mirror.pw
 * updates: mirror.globo.com
Package numactl-2.0.9-2.fc20.x86_64 already installed and latest version
Nothing to do
Loaded plugins: fastestmirror, langpacks, refresh-packagekit
Loading mirror speeds from cached hostfile
 * fedora: mirror.globo.com
 * rpmfusion-free: mirror.pw
 * rpmfusion-free-updates: mirror.pw
 * rpmfusion-nonfree: mirror.pw
 * rpmfusion-nonfree-updates: mirror.pw
 * updates: mirror.globo.com
Package numactl-devel-2.0.9-2.fc20.x86_64 already installed and latest version
Nothing to do
Loaded plugins: fastestmirror, langpacks, refresh-packagekit
Loading mirror speeds from cached hostfile
 * fedora: mirror.globo.com
 * rpmfusion-free: mirror.pw
 * rpmfusion-free-updates: mirror.pw
 * rpmfusion-nonfree: mirror.pw
 * rpmfusion-nonfree-updates: mirror.pw
 * updates: mirror.globo.com
Package sysstat-10.1.6-1.fc20.x86_64 already installed and latest version
Nothing to do
Loaded plugins: fastestmirror, langpacks, refresh-packagekit
Loading mirror speeds from cached hostfile
 * fedora: mirror.globo.com
 * rpmfusion-free: mirror.pw
 * rpmfusion-free-updates: mirror.pw
 * rpmfusion-nonfree: mirror.pw
 * rpmfusion-nonfree-updates: mirror.pw
 * updates: mirror.globo.com
Package unixODBC-2.3.2-4.fc20.x86_64 already installed and latest version
Nothing to do
Loaded plugins: fastestmirror, langpacks, refresh-packagekit
Loading mirror speeds from cached hostfile
 * fedora: mirror.globo.com
 * rpmfusion-free: mirror.pw
 * rpmfusion-free-updates: mirror.pw
 * rpmfusion-nonfree: mirror.pw
 * rpmfusion-nonfree-updates: mirror.pw
 * updates: mirror.globo.com
Package unixODBC-2.3.2-4.fc20.i686 already installed and latest version
Nothing to do
Loaded plugins: fastestmirror, langpacks, refresh-packagekit
Loading mirror speeds from cached hostfile
 * fedora: mirror.globo.com
 * rpmfusion-free: mirror.pw
 * rpmfusion-free-updates: mirror.pw
 * rpmfusion-nonfree: mirror.pw
 * rpmfusion-nonfree-updates: mirror.pw
 * updates: mirror.globo.com
Package unixODBC-devel-2.3.2-4.fc20.x86_64 already installed and latest version
Nothing to do
Loaded plugins: fastestmirror, langpacks, refresh-packagekit
Loading mirror speeds from cached hostfile
 * fedora: mirror.globo.com
 * rpmfusion-free: mirror.pw
 * rpmfusion-free-updates: mirror.pw
 * rpmfusion-nonfree: mirror.pw
 * rpmfusion-nonfree-updates: mirror.pw
 * updates: mirror.globo.com
Package unixODBC-devel-2.3.2-4.fc20.i686 already installed and latest version
Nothing to do
====> Instalando yum-extensions... 
Loaded plugins: fastestmirror, langpacks, refresh-packagekit
Loading mirror speeds from cached hostfile
 * fedora: mirror.globo.com
 * rpmfusion-free: mirror.pw
 * rpmfusion-free-updates: mirror.pw
 * rpmfusion-nonfree: mirror.pw
 * rpmfusion-nonfree-updates: mirror.pw
 * updates: mirror.globo.com
Package yum-3.4.3-152.fc20.noarch already installed and latest version
Nothing to do
Loaded plugins: fastestmirror, langpacks, refresh-packagekit
Loading mirror speeds from cached hostfile
 * fedora: mirror.globo.com
 * rpmfusion-free: mirror.pw
 * rpmfusion-free-updates: mirror.pw
 * rpmfusion-nonfree: mirror.pw
 * rpmfusion-nonfree-updates: mirror.pw
 * updates: mirror.globo.com
Package yum-plugin-fastestmirror-1.1.31-23.fc20.noarch already installed and latest version
Nothing to do
Loaded plugins: fastestmirror, langpacks, refresh-packagekit
Loading mirror speeds from cached hostfile
 * fedora: mirror.globo.com
 * rpmfusion-free: mirror.pw
 * rpmfusion-free-updates: mirror.pw
 * rpmfusion-nonfree: mirror.pw
 * rpmfusion-nonfree-updates: mirror.pw
 * updates: mirror.globo.com
Package yum-plugin-security-1.1.31-18.fc20.noarch is obsoleted by yum-3.4.3-152.fc20.noarch which is already installed
Nothing to do
Loaded plugins: fastestmirror, langpacks, refresh-packagekit
Loading mirror speeds from cached hostfile
 * fedora: mirror.globo.com
 * rpmfusion-free: mirror.pw
 * rpmfusion-free-updates: mirror.pw
 * rpmfusion-nonfree: mirror.pw
 * rpmfusion-nonfree-updates: mirror.pw
 * updates: mirror.globo.com
No package yum-allowdowngrade available.
Loaded plugins: fastestmirror, langpacks, refresh-packagekit
Loading mirror speeds from cached hostfile
 * fedora: mirror.globo.com
 * rpmfusion-free: mirror.pw
 * rpmfusion-free-updates: mirror.pw
 * rpmfusion-nonfree: mirror.pw
 * rpmfusion-nonfree-updates: mirror.pw
 * updates: mirror.globo.com
No package yum-plugin-download-order available.
====> Instalando Gnome-extensions... 
Loaded plugins: fastestmirror, langpacks, refresh-packagekit
Loading mirror speeds from cached hostfile
 * fedora: mirror.globo.com
 * rpmfusion-free: mirror.pw
 * rpmfusion-free-updates: mirror.pw
 * rpmfusion-nonfree: mirror.pw
 * rpmfusion-nonfree-updates: mirror.pw
 * updates: mirror.globo.com
Package gnome-tweak-tool-3.10.1-2.fc20.noarch already installed and latest version
Nothing to do
Loaded plugins: fastestmirror, langpacks, refresh-packagekit
Loading mirror speeds from cached hostfile
 * fedora: mirror.globo.com
 * rpmfusion-free: mirror.pw
 * rpmfusion-free-updates: mirror.pw
 * rpmfusion-nonfree: mirror.pw
 * rpmfusion-nonfree-updates: mirror.pw
 * updates: mirror.globo.com
Package gnome-shell-extension-iok-0.20131012-2.fc20.noarch already installed and latest version
Package gnome-shell-extension-places-menu-3.10.1-1.fc20.noarch already installed and latest version
Package gnome-shell-extension-fedmsg-0.1.6-1.fc20.noarch already installed and latest version
Package gnome-shell-extension-alternate-tab-3.10.1-1.fc20.noarch already installed and latest version
Package gnome-shell-extension-pomodoro-0.10.2-1.fc20.x86_64 already installed and latest version
Package gnome-shell-extension-sustmi-historymanager-prefix-search-3.0-9.git72282ce.fc20.noarch already installed and latest version
Package gnome-shell-extension-launch-new-instance-3.10.1-1.fc20.noarch already installed and latest version
Package gnome-shell-extension-user-theme-3.10.1-1.fc20.noarch already installed and latest version
Package gnome-shell-extension-common-3.10.1-1.fc20.noarch already installed and latest version
Package gnome-shell-extension-drive-menu-3.10.1-1.fc20.noarch already installed and latest version
Package gnome-shell-extension-weather-0-0.13.git7587e23.fc20.noarch already installed and latest version
Package gnome-shell-extension-workspace-indicator-3.10.1-1.fc20.noarch already installed and latest version
Package gnome-shell-extension-apps-menu-3.10.1-1.fc20.noarch already installed and latest version
Package gnome-shell-extension-calc-0-0.6.git2fca097.fc20.noarch already installed and latest version
Package gnome-shell-extension-gpaste-3.10.4.1-1.fc20.noarch already installed and latest version
Package gnome-shell-extension-pidgin-0-0.12.git1a254319ea.fc20.x86_64 already installed and latest version
Package gnome-shell-extension-remove-volume-icon-0.5.1-2.fc20.noarch already installed and latest version
Package gnome-shell-extension-native-window-placement-3.10.1-1.fc20.noarch already installed and latest version
Package gnome-shell-extension-windowsNavigator-3.10.1-1.fc20.noarch already installed and latest version
Package gnome-shell-extension-remove-bluetooth-icon-0.5.1-2.fc20.noarch already installed and latest version
Package gnome-shell-extension-auto-move-windows-3.10.1-1.fc20.noarch already installed and latest version
Package gnome-shell-extension-systemMonitor-3.10.1-1.fc20.noarch already installed and latest version
Package gnome-shell-extension-window-list-3.10.1-1.fc20.noarch already installed and latest version
Package gnome-shell-extension-sustmi-windowoverlay-icons-3.0-9.git72282ce.fc20.noarch already installed and latest version
Nothing to do
Loaded plugins: fastestmirror, langpacks, refresh-packagekit
Loading mirror speeds from cached hostfile
 * fedora: mirror.globo.com
 * rpmfusion-free: mirror.pw
 * rpmfusion-free-updates: mirror.pw
 * rpmfusion-nonfree: mirror.pw
 * rpmfusion-nonfree-updates: mirror.pw
 * updates: mirror.globo.com
Package gnome-shell-theme-zukitwo-20131210-1.fc20.noarch already installed and latest version
Package gnome-shell-theme-gaia-3.4-3.fc20.noarch already installed and latest version
Package gnome-shell-theme-smooth-inset-3.4-3.fc20.noarch already installed and latest version
Package gnome-shell-theme-elementary-3.4-4.fc20.noarch already installed and latest version
Package gnome-shell-theme-atolm-3.4-3.fc20.noarch already installed and latest version
Package gnome-shell-theme-zukiwi-20130424-2.fc20.noarch already installed and latest version
Package gnome-shell-theme-selene-3.4.0-8.fc20.noarch already installed and latest version
Package gnome-shell-theme-orta-3.4-3.fc20.noarch already installed and latest version
Nothing to do
Loaded plugins: fastestmirror, langpacks, refresh-packagekit
Loading mirror speeds from cached hostfile
 * fedora: mirror.globo.com
 * rpmfusion-free: mirror.pw
 * rpmfusion-free-updates: mirror.pw
 * rpmfusion-nonfree: mirror.pw
 * rpmfusion-nonfree-updates: mirror.pw
 * updates: mirror.globo.com
Package gnome-packagekit-3.10.1-1.fc20.x86_64 already installed and latest version
Nothing to do
Loaded plugins: fastestmirror, langpacks, refresh-packagekit
Loading mirror speeds from cached hostfile
 * fedora: mirror.globo.com
 * rpmfusion-free: mirror.pw
 * rpmfusion-free-updates: mirror.pw
 * rpmfusion-nonfree: mirror.pw
 * rpmfusion-nonfree-updates: mirror.pw
 * updates: mirror.globo.com
Package gnome-packagekit-installer-3.10.1-1.fc20.x86_64 already installed and latest version
Nothing to do
Loaded plugins: fastestmirror, langpacks, refresh-packagekit
Loading mirror speeds from cached hostfile
 * fedora: mirror.globo.com
 * rpmfusion-free: mirror.pw
 * rpmfusion-free-updates: mirror.pw
 * rpmfusion-nonfree: mirror.pw
 * rpmfusion-nonfree-updates: mirror.pw
 * updates: mirror.globo.com
Package gnome-system-monitor-3.10.2-1.fc20.x86_64 already installed and latest version
Nothing to do
Loaded plugins: fastestmirror, langpacks, refresh-packagekit
Loading mirror speeds from cached hostfile
 * fedora: mirror.globo.com
 * rpmfusion-free: mirror.pw
 * rpmfusion-free-updates: mirror.pw
 * rpmfusion-nonfree: mirror.pw
 * rpmfusion-nonfree-updates: mirror.pw
 * updates: mirror.globo.com
No package menuentry available.
Loaded plugins: fastestmirror, langpacks, refresh-packagekit
Loading mirror speeds from cached hostfile
 * fedora: mirror.globo.com
 * rpmfusion-free: mirror.pw
 * rpmfusion-free-updates: mirror.pw
 * rpmfusion-nonfree: mirror.pw
 * rpmfusion-nonfree-updates: mirror.pw
 * updates: mirror.globo.com
Package grub-customizer-4.0.6-1.fc20.x86_64 already installed and latest version
Nothing to do
====> Instalando Office Tools .... 
Loaded plugins: fastestmirror, langpacks, refresh-packagekit
Loading mirror speeds from cached hostfile
 * fedora: mirror.globo.com
 * rpmfusion-free: mirror.pw
 * rpmfusion-free-updates: mirror.pw
 * rpmfusion-nonfree: mirror.pw
 * rpmfusion-nonfree-updates: mirror.pw
 * updates: mirror.globo.com
No package thinderbird available.
Loaded plugins: fastestmirror, langpacks, refresh-packagekit
Loading mirror speeds from cached hostfile
 * fedora: mirror.globo.com
 * rpmfusion-free: mirror.pw
 * rpmfusion-free-updates: mirror.pw
 * rpmfusion-nonfree: mirror.pw
 * rpmfusion-nonfree-updates: mirror.pw
 * updates: mirror.globo.com
Package p7zip-9.20.1-6.fc20.x86_64 already installed and latest version
Nothing to do
Loaded plugins: fastestmirror, langpacks, refresh-packagekit
=======>  Google Drive Pre-Reqs !
Loaded plugins: fastestmirror, langpacks, refresh-packagekit
Loading mirror speeds from cached hostfile
 * fedora: mirror.globo.com
 * rpmfusion-free: mirror.pw
 * rpmfusion-free-updates: mirror.pw
 * rpmfusion-nonfree: mirror.pw
 * rpmfusion-nonfree-updates: mirror.pw
 * updates: mirror.globo.com
Package pygobject2-2.28.6-11.fc20.x86_64 already installed and latest version
Package libgtop2-2.28.5-1.fc20.x86_64 already installed and latest version
Package git-1.9.3-1.fc20.x86_64 already installed and latest version
Nothing to do
Loaded plugins: fastestmirror, langpacks, refresh-packagekit
Loading mirror speeds from cached hostfile
 * fedora: mirror.globo.com
 * rpmfusion-free: mirror.pw
 * rpmfusion-free-updates: mirror.pw
 * rpmfusion-nonfree: mirror.pw
 * rpmfusion-nonfree-updates: mirror.pw
 * updates: mirror.globo.com
Package json-c-0.11-6.fc20.x86_64 already installed and latest version
Package json-c-devel-0.11-6.fc20.x86_64 already installed and latest version
Package 1:qt-devel-4.8.6-10.fc20.x86_64 already installed and latest version
Package boost-devel-1.54.0-9.fc20.x86_64 already installed and latest version
Package 1:openssl-devel-1.0.1e-40.fc20.x86_64 already installed and latest version
Package libxslt-1.1.28-5.fc20.x86_64 already installed and latest version
Package libcurl-7.32.0-14.fc20.x86_64 already installed and latest version
Package libcurl-devel-7.32.0-14.fc20.x86_64 already installed and latest version
Nothing to do
=======> nautilus dropbox !
Loaded plugins: fastestmirror, langpacks, refresh-packagekit
Loading mirror speeds from cached hostfile
 * fedora: mirror.globo.com
 * rpmfusion-free: mirror.pw
 * rpmfusion-free-updates: mirror.pw
 * rpmfusion-nonfree: mirror.pw
 * rpmfusion-nonfree-updates: mirror.pw
 * updates: mirror.globo.com
Package pygobject2-2.28.6-11.fc20.x86_64 already installed and latest version
Package libgtop2-2.28.5-1.fc20.x86_64 already installed and latest version
Package git-1.9.3-1.fc20.x86_64 already installed and latest version
Nothing to do
Loaded plugins: fastestmirror, langpacks, refresh-packagekit
Examining nautilus-dropbox-1.6.2-1.fedora.x86_64.rpm: nautilus-dropbox-1.6.2-1.fc10.x86_64
nautilus-dropbox-1.6.2-1.fedora.x86_64.rpm: does not update installed package.
=======> nautilus google Drive !
Loaded plugins: fastestmirror, langpacks, refresh-packagekit
Examining grive-0.3.0-13.3.x86_64.rpm: grive-0.3.0-13.3.x86_64
grive-0.3.0-13.3.x86_64.rpm: does not update installed package.
Loaded plugins: fastestmirror, langpacks, refresh-packagekit
Examining grive-tools-1.10.noarch_0.rpm: grive-tools-1.10-2.noarch
Marking grive-tools-1.10.noarch_0.rpm to be installed
Resolving Dependencies
--> Running transaction check
---> Package grive-tools.noarch 0:1.10-2 will be installed
--> Processing Dependency: expect for package: grive-tools-1.10-2.noarch
Loading mirror speeds from cached hostfile
 * fedora: mirror.globo.com
 * rpmfusion-free: mirror.pw
 * rpmfusion-free-updates: mirror.pw
 * rpmfusion-nonfree: mirror.pw
 * rpmfusion-nonfree-updates: mirror.pw
 * updates: mirror.globo.com
--> Processing Dependency: libappindicator-devel for package: grive-tools-1.10-2.noarch
--> Processing Dependency: libappindicator-gtk3-devel for package: grive-tools-1.10-2.noarch
--> Running transaction check
---> Package expect.x86_64 0:5.45-10.fc20 will be installed
--> Processing Dependency: libtcl8.5.so()(64bit) for package: expect-5.45-10.fc20.x86_64
---> Package libappindicator-devel.x86_64 0:12.10.0-3.fc20 will be installed
--> Processing Dependency: libappindicator = 12.10.0-3.fc20 for package: libappindicator-devel-12.10.0-3.fc20.x86_64
--> Processing Dependency: pkgconfig(gtk+-2.0) for package: libappindicator-devel-12.10.0-3.fc20.x86_64
--> Processing Dependency: pkgconfig(dbusmenu-glib-0.4) for package: libappindicator-devel-12.10.0-3.fc20.x86_64
--> Processing Dependency: libdbusmenu-devel for package: libappindicator-devel-12.10.0-3.fc20.x86_64
--> Processing Dependency: dbus-glib-devel for package: libappindicator-devel-12.10.0-3.fc20.x86_64
--> Processing Dependency: libappindicator.so.1()(64bit) for package: libappindicator-devel-12.10.0-3.fc20.x86_64
---> Package libappindicator-gtk3-devel.x86_64 0:12.10.0-3.fc20 will be installed
--> Processing Dependency: libappindicator-gtk3 = 12.10.0-3.fc20 for package: libappindicator-gtk3-devel-12.10.0-3.fc20.x86_64
--> Processing Dependency: pkgconfig(gtk+-3.0) for package: libappindicator-gtk3-devel-12.10.0-3.fc20.x86_64
--> Processing Dependency: libappindicator3.so.1()(64bit) for package: libappindicator-gtk3-devel-12.10.0-3.fc20.x86_64
--> Running transaction check
---> Package dbus-glib-devel.x86_64 0:0.100.2-2.fc20 will be installed
--> Processing Dependency: pkgconfig(gobject-2.0) for package: dbus-glib-devel-0.100.2-2.fc20.x86_64
--> Processing Dependency: pkgconfig(glib-2.0) for package: dbus-glib-devel-0.100.2-2.fc20.x86_64
--> Processing Dependency: pkgconfig(dbus-1) for package: dbus-glib-devel-0.100.2-2.fc20.x86_64
--> Processing Dependency: glib2-devel for package: dbus-glib-devel-0.100.2-2.fc20.x86_64
--> Processing Dependency: dbus-devel for package: dbus-glib-devel-0.100.2-2.fc20.x86_64
---> Package gtk2-devel.x86_64 0:2.24.24-2.fc20 will be installed
--> Processing Dependency: pango-devel >= 1.20.0-1 for package: gtk2-devel-2.24.24-2.fc20.x86_64
--> Processing Dependency: cairo-devel >= 1.6.0-1 for package: gtk2-devel-2.24.24-2.fc20.x86_64
--> Processing Dependency: atk-devel >= 1.29.4-2 for package: gtk2-devel-2.24.24-2.fc20.x86_64
--> Processing Dependency: pkgconfig(pangoft2) for package: gtk2-devel-2.24.24-2.fc20.x86_64
--> Processing Dependency: pkgconfig(pangocairo) for package: gtk2-devel-2.24.24-2.fc20.x86_64
--> Processing Dependency: pkgconfig(pango) for package: gtk2-devel-2.24.24-2.fc20.x86_64
--> Processing Dependency: pkgconfig(gdk-pixbuf-2.0) for package: gtk2-devel-2.24.24-2.fc20.x86_64
--> Processing Dependency: pkgconfig(cairo) for package: gtk2-devel-2.24.24-2.fc20.x86_64
--> Processing Dependency: pkgconfig(atk) for package: gtk2-devel-2.24.24-2.fc20.x86_64
--> Processing Dependency: libpng-devel for package: gtk2-devel-2.24.24-2.fc20.x86_64
--> Processing Dependency: libXcomposite-devel for package: gtk2-devel-2.24.24-2.fc20.x86_64
--> Processing Dependency: gdk-pixbuf2-devel for package: gtk2-devel-2.24.24-2.fc20.x86_64
---> Package gtk3-devel.x86_64 0:3.10.9-2.fc20 will be installed
--> Processing Dependency: pkgconfig(xkbcommon) >= 0.2.0 for package: gtk3-devel-3.10.9-2.fc20.x86_64
--> Processing Dependency: pkgconfig(wayland-client) >= 1.2.0 for package: gtk3-devel-3.10.9-2.fc20.x86_64
--> Processing Dependency: pkgconfig(wayland-cursor) for package: gtk3-devel-3.10.9-2.fc20.x86_64
--> Processing Dependency: pkgconfig(cairo-gobject) for package: gtk3-devel-3.10.9-2.fc20.x86_64
--> Processing Dependency: pkgconfig(atk-bridge-2.0) for package: gtk3-devel-3.10.9-2.fc20.x86_64
--> Processing Dependency: automake for package: gtk3-devel-3.10.9-2.fc20.x86_64
---> Package libappindicator.x86_64 0:12.10.0-3.fc20 will be installed
--> Processing Dependency: libindicator.so.7()(64bit) for package: libappindicator-12.10.0-3.fc20.x86_64
--> Processing Dependency: libdbusmenu-gtk.so.4()(64bit) for package: libappindicator-12.10.0-3.fc20.x86_64
--> Processing Dependency: libdbusmenu-glib.so.4()(64bit) for package: libappindicator-12.10.0-3.fc20.x86_64
---> Package libappindicator-gtk3.x86_64 0:12.10.0-3.fc20 will be installed
--> Processing Dependency: libindicator3.so.7()(64bit) for package: libappindicator-gtk3-12.10.0-3.fc20.x86_64
--> Processing Dependency: libdbusmenu-gtk3.so.4()(64bit) for package: libappindicator-gtk3-12.10.0-3.fc20.x86_64
---> Package libdbusmenu-devel.x86_64 0:12.10.2-5.fc20 will be installed
---> Package tcl.x86_64 1:8.5.14-1.fc20 will be installed
--> Running transaction check
---> Package at-spi2-atk-devel.x86_64 0:2.10.2-1.fc20 will be installed
---> Package atk-devel.x86_64 0:2.10.0-1.fc20 will be installed
---> Package automake.noarch 0:1.13.4-6.fc20 will be installed
--> Processing Dependency: autoconf >= 2.65 for package: automake-1.13.4-6.fc20.noarch
--> Processing Dependency: perl(Thread::Queue) for package: automake-1.13.4-6.fc20.noarch
---> Package cairo-devel.x86_64 0:1.13.1-0.1.git337ab1f.fc20 will be installed
--> Processing Dependency: pkgconfig(pixman-1) >= 0.30.0 for package: cairo-devel-1.13.1-0.1.git337ab1f.fc20.x86_64
--> Processing Dependency: pixman-devel >= 0.18.4 for package: cairo-devel-1.13.1-0.1.git337ab1f.fc20.x86_64
--> Processing Dependency: pkgconfig(egl) for package: cairo-devel-1.13.1-0.1.git337ab1f.fc20.x86_64
---> Package cairo-gobject-devel.x86_64 0:1.13.1-0.1.git337ab1f.fc20 will be installed
---> Package dbus-devel.x86_64 1:1.6.12-9.fc20 will be installed
---> Package gdk-pixbuf2-devel.x86_64 0:2.30.3-1.fc20 will be installed
---> Package glib2-devel.x86_64 0:2.38.2-2.fc20 will be installed
---> Package libXcomposite-devel.x86_64 0:0.4.4-4.fc20 will be installed
---> Package libdbusmenu.x86_64 0:12.10.2-5.fc20 will be installed
---> Package libdbusmenu-gtk2.x86_64 0:12.10.2-5.fc20 will be installed
---> Package libdbusmenu-gtk3.x86_64 0:12.10.2-5.fc20 will be installed
---> Package libindicator.x86_64 0:12.10.1-2.fc20 will be installed
---> Package libindicator-gtk3.x86_64 0:12.10.1-2.fc20 will be installed
---> Package libpng-devel.x86_64 2:1.6.6-3.fc20 will be installed
---> Package libwayland-client-devel.x86_64 0:1.2.0-3.fc20 will be installed
--> Processing Dependency: wayland-devel(x86-64) = 1.2.0-3.fc20 for package: libwayland-client-devel-1.2.0-3.fc20.x86_64
---> Package libwayland-cursor-devel.x86_64 0:1.2.0-3.fc20 will be installed
---> Package libxkbcommon-devel.x86_64 0:0.4.3-2.fc20 will be installed
---> Package pango-devel.x86_64 0:1.36.1-3.fc20 will be installed
--> Processing Dependency: pkgconfig(harfbuzz) for package: pango-devel-1.36.1-3.fc20.x86_64
--> Running transaction check
---> Package autoconf.noarch 0:2.69-14.fc20 will be installed
---> Package harfbuzz-devel.x86_64 0:0.9.27-1.fc20 will be installed
---> Package mesa-libEGL-devel.x86_64 0:10.1.5-1.20140607.fc20 will be installed
---> Package perl-Thread-Queue.noarch 0:3.02-291.fc20 will be installed
---> Package pixman-devel.x86_64 0:0.30.0-5.fc20 will be installed
---> Package wayland-devel.x86_64 0:1.2.0-3.fc20 will be installed
--> Finished Dependency Resolution

Dependencies Resolved

================================================================================
 Package                    Arch   Version                    Repository   Size
================================================================================
Installing:
 grive-tools                noarch 1.10-2                     /grive-tools-1.10.noarch_0
                                                                          249 k
Installing for dependencies:
 at-spi2-atk-devel          x86_64 2.10.2-1.fc20              fedora       11 k
 atk-devel                  x86_64 2.10.0-1.fc20              fedora      158 k
 autoconf                   noarch 2.69-14.fc20               updates     702 k
 automake                   noarch 1.13.4-6.fc20              updates     678 k
 cairo-devel                x86_64 1.13.1-0.1.git337ab1f.fc20 fedora      297 k
 cairo-gobject-devel        x86_64 1.13.1-0.1.git337ab1f.fc20 fedora       18 k
 dbus-devel                 x86_64 1:1.6.12-9.fc20            updates      52 k
 dbus-glib-devel            x86_64 0.100.2-2.fc20             fedora       67 k
 expect                     x86_64 5.45-10.fc20               fedora      258 k
 gdk-pixbuf2-devel          x86_64 2.30.3-1.fc20              updates     209 k
 glib2-devel                x86_64 2.38.2-2.fc20              fedora      413 k
 gtk2-devel                 x86_64 2.24.24-2.fc20             updates     2.9 M
 gtk3-devel                 x86_64 3.10.9-2.fc20              updates     3.4 M
 harfbuzz-devel             x86_64 0.9.27-1.fc20              updates     102 k
 libXcomposite-devel        x86_64 0.4.4-4.fc20               fedora       16 k
 libappindicator            x86_64 12.10.0-3.fc20             fedora       36 k
 libappindicator-devel      x86_64 12.10.0-3.fc20             fedora       14 k
 libappindicator-gtk3       x86_64 12.10.0-3.fc20             fedora       36 k
 libappindicator-gtk3-devel x86_64 12.10.0-3.fc20             fedora       14 k
 libdbusmenu                x86_64 12.10.2-5.fc20             fedora       69 k
 libdbusmenu-devel          x86_64 12.10.2-5.fc20             fedora       27 k
 libdbusmenu-gtk2           x86_64 12.10.2-5.fc20             fedora       33 k
 libdbusmenu-gtk3           x86_64 12.10.2-5.fc20             fedora       33 k
 libindicator               x86_64 12.10.1-2.fc20             fedora       62 k
 libindicator-gtk3          x86_64 12.10.1-2.fc20             fedora       62 k
 libpng-devel               x86_64 2:1.6.6-3.fc20             updates     163 k
 libwayland-client-devel    x86_64 1.2.0-3.fc20               fedora       22 k
 libwayland-cursor-devel    x86_64 1.2.0-3.fc20               fedora      7.5 k
 libxkbcommon-devel         x86_64 0.4.3-2.fc20               updates      50 k
 mesa-libEGL-devel          x86_64 10.1.5-1.20140607.fc20     updates      28 k
 pango-devel                x86_64 1.36.1-3.fc20              updates     315 k
 perl-Thread-Queue          noarch 3.02-291.fc20              fedora       17 k
 pixman-devel               x86_64 0.30.0-5.fc20              updates      20 k
 tcl                        x86_64 1:8.5.14-1.fc20            fedora      1.9 M
 wayland-devel              x86_64 1.2.0-3.fc20               fedora       38 k

Transaction Summary
================================================================================
Install  1 Package (+35 Dependent packages)

Total size: 12 M
Total download size: 12 M
Installed size: 70 M
Downloading packages:
--------------------------------------------------------------------------------
Total                                              1.2 MB/s |  12 MB  00:10     
Running transaction check
Running transaction test
Transaction test succeeded
Running transaction (shutdown inhibited)
  Installing : glib2-devel-2.38.2-2.fc20.x86_64                            1/36 
  Installing : libdbusmenu-12.10.2-5.fc20.x86_64                           2/36 
  Installing : 2:libpng-devel-1.6.6-3.fc20.x86_64                          3/36 
  Installing : gdk-pixbuf2-devel-2.30.3-1.fc20.x86_64                      4/36 
  Installing : atk-devel-2.10.0-1.fc20.x86_64                              5/36 
  Installing : wayland-devel-1.2.0-3.fc20.x86_64                           6/36 
  Installing : libXcomposite-devel-0.4.4-4.fc20.x86_64                     7/36 
  Installing : libwayland-client-devel-1.2.0-3.fc20.x86_64                 8/36 
  Installing : libwayland-cursor-devel-1.2.0-3.fc20.x86_64                 9/36 
  Installing : libdbusmenu-gtk3-12.10.2-5.fc20.x86_64                     10/36 
  Installing : libdbusmenu-gtk2-12.10.2-5.fc20.x86_64                     11/36 
  Installing : mesa-libEGL-devel-10.1.5-1.20140607.fc20.x86_64            12/36 
  Installing : harfbuzz-devel-0.9.27-1.fc20.x86_64                        13/36 
  Installing : perl-Thread-Queue-3.02-291.fc20.noarch                     14/36 
  Installing : libxkbcommon-devel-0.4.3-2.fc20.x86_64                     15/36 
  Installing : 1:tcl-8.5.14-1.fc20.x86_64                                 16/36 
  Installing : expect-5.45-10.fc20.x86_64                                 17/36 
  Installing : autoconf-2.69-14.fc20.noarch                               18/36 
  Installing : automake-1.13.4-6.fc20.noarch                              19/36 
  Installing : libindicator-12.10.1-2.fc20.x86_64                         20/36 
  Installing : libappindicator-12.10.0-3.fc20.x86_64                      21/36 
  Installing : pixman-devel-0.30.0-5.fc20.x86_64                          22/36 
  Installing : cairo-devel-1.13.1-0.1.git337ab1f.fc20.x86_64              23/36 
  Installing : pango-devel-1.36.1-3.fc20.x86_64                           24/36 
  Installing : gtk2-devel-2.24.24-2.fc20.x86_64                           25/36 
  Installing : cairo-gobject-devel-1.13.1-0.1.git337ab1f.fc20.x86_64      26/36 
  Installing : at-spi2-atk-devel-2.10.2-1.fc20.x86_64                     27/36 
  Installing : gtk3-devel-3.10.9-2.fc20.x86_64                            28/36 
  Installing : 1:dbus-devel-1.6.12-9.fc20.x86_64                          29/36 
  Installing : dbus-glib-devel-0.100.2-2.fc20.x86_64                      30/36 
  Installing : libdbusmenu-devel-12.10.2-5.fc20.x86_64                    31/36 
  Installing : libappindicator-devel-12.10.0-3.fc20.x86_64                32/36 
  Installing : libindicator-gtk3-12.10.1-2.fc20.x86_64                    33/36 
  Installing : libappindicator-gtk3-12.10.0-3.fc20.x86_64                 34/36 
  Installing : libappindicator-gtk3-devel-12.10.0-3.fc20.x86_64           35/36 
  Installing : grive-tools-1.10-2.noarch                                  36/36 
  Verifying  : libdbusmenu-gtk3-12.10.2-5.fc20.x86_64                      1/36 
  Verifying  : cairo-gobject-devel-1.13.1-0.1.git337ab1f.fc20.x86_64       2/36 
  Verifying  : libindicator-gtk3-12.10.1-2.fc20.x86_64                     3/36 
  Verifying  : 1:dbus-devel-1.6.12-9.fc20.x86_64                           4/36 
  Verifying  : libappindicator-devel-12.10.0-3.fc20.x86_64                 5/36 
  Verifying  : at-spi2-atk-devel-2.10.2-1.fc20.x86_64                      6/36 
  Verifying  : cairo-devel-1.13.1-0.1.git337ab1f.fc20.x86_64               7/36 
  Verifying  : pixman-devel-0.30.0-5.fc20.x86_64                           8/36 
  Verifying  : libappindicator-12.10.0-3.fc20.x86_64                       9/36 
  Verifying  : libdbusmenu-12.10.2-5.fc20.x86_64                          10/36 
  Verifying  : libappindicator-gtk3-12.10.0-3.fc20.x86_64                 11/36 
  Verifying  : 2:libpng-devel-1.6.6-3.fc20.x86_64                         12/36 
  Verifying  : libappindicator-gtk3-devel-12.10.0-3.fc20.x86_64           13/36 
  Verifying  : libXcomposite-devel-0.4.4-4.fc20.x86_64                    14/36 
  Verifying  : libindicator-12.10.1-2.fc20.x86_64                         15/36 
  Verifying  : gtk2-devel-2.24.24-2.fc20.x86_64                           16/36 
  Verifying  : glib2-devel-2.38.2-2.fc20.x86_64                           17/36 
  Verifying  : autoconf-2.69-14.fc20.noarch                               18/36 
  Verifying  : gtk3-devel-3.10.9-2.fc20.x86_64                            19/36 
  Verifying  : libwayland-client-devel-1.2.0-3.fc20.x86_64                20/36 
  Verifying  : 1:tcl-8.5.14-1.fc20.x86_64                                 21/36 
  Verifying  : libdbusmenu-devel-12.10.2-5.fc20.x86_64                    22/36 
  Verifying  : libdbusmenu-gtk2-12.10.2-5.fc20.x86_64                     23/36 
  Verifying  : libxkbcommon-devel-0.4.3-2.fc20.x86_64                     24/36 
  Verifying  : perl-Thread-Queue-3.02-291.fc20.noarch                     25/36 
  Verifying  : gdk-pixbuf2-devel-2.30.3-1.fc20.x86_64                     26/36 
  Verifying  : automake-1.13.4-6.fc20.noarch                              27/36 
  Verifying  : harfbuzz-devel-0.9.27-1.fc20.x86_64                        28/36 
  Verifying  : libwayland-cursor-devel-1.2.0-3.fc20.x86_64                29/36 
  Verifying  : dbus-glib-devel-0.100.2-2.fc20.x86_64                      30/36 
  Verifying  : wayland-devel-1.2.0-3.fc20.x86_64                          31/36 
  Verifying  : atk-devel-2.10.0-1.fc20.x86_64                             32/36 
  Verifying  : grive-tools-1.10-2.noarch                                  33/36 
  Verifying  : pango-devel-1.36.1-3.fc20.x86_64                           34/36 
  Verifying  : expect-5.45-10.fc20.x86_64                                 35/36 
  Verifying  : mesa-libEGL-devel-10.1.5-1.20140607.fc20.x86_64            36/36 

Installed:
  grive-tools.noarch 0:1.10-2                                                   

Dependency Installed:
  at-spi2-atk-devel.x86_64 0:2.10.2-1.fc20                                      
  atk-devel.x86_64 0:2.10.0-1.fc20                                              
  autoconf.noarch 0:2.69-14.fc20                                                
  automake.noarch 0:1.13.4-6.fc20                                               
  cairo-devel.x86_64 0:1.13.1-0.1.git337ab1f.fc20                               
  cairo-gobject-devel.x86_64 0:1.13.1-0.1.git337ab1f.fc20                       
  dbus-devel.x86_64 1:1.6.12-9.fc20                                             
  dbus-glib-devel.x86_64 0:0.100.2-2.fc20                                       
  expect.x86_64 0:5.45-10.fc20                                                  
  gdk-pixbuf2-devel.x86_64 0:2.30.3-1.fc20                                      
  glib2-devel.x86_64 0:2.38.2-2.fc20                                            
  gtk2-devel.x86_64 0:2.24.24-2.fc20                                            
  gtk3-devel.x86_64 0:3.10.9-2.fc20                                             
  harfbuzz-devel.x86_64 0:0.9.27-1.fc20                                         
  libXcomposite-devel.x86_64 0:0.4.4-4.fc20                                     
  libappindicator.x86_64 0:12.10.0-3.fc20                                       
  libappindicator-devel.x86_64 0:12.10.0-3.fc20                                 
  libappindicator-gtk3.x86_64 0:12.10.0-3.fc20                                  
  libappindicator-gtk3-devel.x86_64 0:12.10.0-3.fc20                            
  libdbusmenu.x86_64 0:12.10.2-5.fc20                                           
  libdbusmenu-devel.x86_64 0:12.10.2-5.fc20                                     
  libdbusmenu-gtk2.x86_64 0:12.10.2-5.fc20                                      
  libdbusmenu-gtk3.x86_64 0:12.10.2-5.fc20                                      
  libindicator.x86_64 0:12.10.1-2.fc20                                          
  libindicator-gtk3.x86_64 0:12.10.1-2.fc20                                     
  libpng-devel.x86_64 2:1.6.6-3.fc20                                            
  libwayland-client-devel.x86_64 0:1.2.0-3.fc20                                 
  libwayland-cursor-devel.x86_64 0:1.2.0-3.fc20                                 
  libxkbcommon-devel.x86_64 0:0.4.3-2.fc20                                      
  mesa-libEGL-devel.x86_64 0:10.1.5-1.20140607.fc20                             
  pango-devel.x86_64 0:1.36.1-3.fc20                                            
  perl-Thread-Queue.noarch 0:3.02-291.fc20                                      
  pixman-devel.x86_64 0:0.30.0-5.fc20                                           
  tcl.x86_64 1:8.5.14-1.fc20                                                    
  wayland-devel.x86_64 0:1.2.0-3.fc20                                           

Complete!
=======> nautilus plugins !
Loaded plugins: fastestmirror, langpacks, refresh-packagekit
Loading mirror speeds from cached hostfile
 * fedora: mirror.globo.com
 * rpmfusion-free: mirror.pw
 * rpmfusion-free-updates: mirror.pw
 * rpmfusion-nonfree: mirror.pw
 * rpmfusion-nonfree-updates: mirror.pw
 * updates: mirror.globo.com
Package nautilus-open-terminal-0.20-2.fc20.x86_64 already installed and latest version
Nothing to do
Loaded plugins: fastestmirror, langpacks, refresh-packagekit
Loading mirror speeds from cached hostfile
 * fedora: mirror.globo.com
 * rpmfusion-free: mirror.pw
 * rpmfusion-free-updates: mirror.pw
 * rpmfusion-nonfree: mirror.pw
 * rpmfusion-nonfree-updates: mirror.pw
 * updates: mirror.globo.com
Package nautilus-beesu-manager-1.8-13.fc20.noarch already installed and latest version
Nothing to do
====> Instalando Kernels...
Loaded plugins: fastestmirror, langpacks, refresh-packagekit
Loading mirror speeds from cached hostfile
 * fedora: mirror.globo.com
 * rpmfusion-free: mirror.pw
 * rpmfusion-free-updates: mirror.pw
 * rpmfusion-nonfree: mirror.pw
 * rpmfusion-nonfree-updates: mirror.pw
 * updates: mirror.globo.com
Package kernel-headers-3.16.6-203.fc20.x86_64 already installed and latest version
Nothing to do
Loaded plugins: fastestmirror, langpacks, refresh-packagekit
Loading mirror speeds from cached hostfile
 * fedora: mirror.globo.com
 * rpmfusion-free: mirror.pw
 * rpmfusion-free-updates: mirror.pw
 * rpmfusion-nonfree: mirror.pw
 * rpmfusion-nonfree-updates: mirror.pw
 * updates: mirror.globo.com
Nothing to do
Loaded plugins: fastestmirror, langpacks, refresh-packagekit
Loading mirror speeds from cached hostfile
 * fedora: mirror.globo.com
 * rpmfusion-free: mirror.pw
 * rpmfusion-free-updates: mirror.pw
 * rpmfusion-nonfree: mirror.pw
 * rpmfusion-nonfree-updates: mirror.pw
 * updates: mirror.globo.com
Package dkms-2.2.0.3-28.git.7c3e7c5.fc20.noarch already installed and latest version
Package gcc-4.8.3-7.fc20.x86_64 already installed and latest version
Package gcc-c++-4.8.3-7.fc20.x86_64 already installed and latest version
Nothing to do
====> Adicionando Repositorio do Google...
arquivo do repositorio existe: /etc/yum.repos.d/virtualbox.repo
====> Instalando Net Tools...
Loaded plugins: fastestmirror, langpacks, refresh-packagekit
Loading mirror speeds from cached hostfile
 * fedora: mirror.globo.com
 * rpmfusion-free: mirror.pw
 * rpmfusion-free-updates: mirror.pw
 * rpmfusion-nonfree: mirror.pw
 * rpmfusion-nonfree-updates: mirror.pw
 * updates: mirror.globo.com
Package 2:samba-4.1.12-5.fc20.x86_64 already installed and latest version
Package 2:samba-client-4.1.12-5.fc20.x86_64 already installed and latest version
No package samba-doc available.
No package samba-swat available.
Nothing to do
Loaded plugins: fastestmirror, langpacks, refresh-packagekit
Loading mirror speeds from cached hostfile
 * fedora: mirror.globo.com
 * rpmfusion-free: mirror.pw
 * rpmfusion-free-updates: mirror.pw
 * rpmfusion-nonfree: mirror.pw
 * rpmfusion-nonfree-updates: mirror.pw
 * updates: mirror.globo.com
Package guake-0.4.4-11.fc20.x86_64 already installed and latest version
Nothing to do
Loaded plugins: fastestmirror, langpacks, refresh-packagekit
Loading mirror speeds from cached hostfile
 * fedora: mirror.globo.com
 * rpmfusion-free: mirror.pw
 * rpmfusion-free-updates: mirror.pw
 * rpmfusion-nonfree: mirror.pw
 * rpmfusion-nonfree-updates: mirror.pw
 * updates: mirror.globo.com
Package xterm-297-1.fc20.x86_64 already installed and latest version
Nothing to do
Loaded plugins: fastestmirror, langpacks, refresh-packagekit
Loading mirror speeds from cached hostfile
 * fedora: mirror.globo.com
 * rpmfusion-free: mirror.pw
 * rpmfusion-free-updates: mirror.pw
 * rpmfusion-nonfree: mirror.pw
 * rpmfusion-nonfree-updates: mirror.pw
 * updates: mirror.globo.com
Package xfce4-terminal-0.6.3-1.fc20.x86_64 already installed and latest version
Nothing to do
Loaded plugins: fastestmirror, langpacks, refresh-packagekit
Loading mirror speeds from cached hostfile
 * fedora: mirror.globo.com
 * rpmfusion-free: mirror.pw
 * rpmfusion-free-updates: mirror.pw
 * rpmfusion-nonfree: mirror.pw
 * rpmfusion-nonfree-updates: mirror.pw
 * updates: mirror.globo.com
Package 2:nmap-6.45-1.fc20.x86_64 already installed and latest version
Nothing to do
Loaded plugins: fastestmirror, langpacks, refresh-packagekit
Loading mirror speeds from cached hostfile
 * fedora: mirror.globo.com
 * rpmfusion-free: mirror.pw
 * rpmfusion-free-updates: mirror.pw
 * rpmfusion-nonfree: mirror.pw
 * rpmfusion-nonfree-updates: mirror.pw
 * updates: mirror.globo.com
Package openvpn-2.3.2-6.fc20.x86_64 already installed and latest version
Nothing to do
Loaded plugins: fastestmirror, langpacks, refresh-packagekit
Loading mirror speeds from cached hostfile
 * fedora: mirror.globo.com
 * rpmfusion-free: mirror.pw
 * rpmfusion-free-updates: mirror.pw
 * rpmfusion-nonfree: mirror.pw
 * rpmfusion-nonfree-updates: mirror.pw
 * updates: mirror.globo.com
Package filezilla-3.7.3-1.fc20.x86_64 already installed and latest version
Nothing to do
Loaded plugins: fastestmirror, langpacks, refresh-packagekit
Loading mirror speeds from cached hostfile
 * fedora: mirror.globo.com
 * rpmfusion-free: mirror.pw
 * rpmfusion-free-updates: mirror.pw
 * rpmfusion-nonfree: mirror.pw
 * rpmfusion-nonfree-updates: mirror.pw
 * updates: mirror.globo.com
Package google-chrome-beta-39.0.2171.42-1.x86_64 already installed and latest version
Nothing to do
====> Instalando System Tools...
Loaded plugins: fastestmirror, langpacks, refresh-packagekit
Loading mirror speeds from cached hostfile
 * fedora: mirror.globo.com
 * rpmfusion-free: mirror.pw
 * rpmfusion-free-updates: mirror.pw
 * rpmfusion-nonfree: mirror.pw
 * rpmfusion-nonfree-updates: mirror.pw
 * updates: mirror.globo.com
Package gparted-0.18.0-2.fc20.x86_64 already installed and latest version
Nothing to do
Loaded plugins: fastestmirror, langpacks, refresh-packagekit
Loading mirror speeds from cached hostfile
 * fedora: mirror.globo.com
 * rpmfusion-free: mirror.pw
 * rpmfusion-free-updates: mirror.pw
 * rpmfusion-nonfree: mirror.pw
 * rpmfusion-nonfree-updates: mirror.pw
 * updates: mirror.globo.com
Package system-config-nfs-1.4.2-1.fc20.noarch already installed and latest version
Nothing to do
Loaded plugins: fastestmirror, langpacks, refresh-packagekit
Loading mirror speeds from cached hostfile
 * fedora: mirror.globo.com
 * rpmfusion-free: mirror.pw
 * rpmfusion-free-updates: mirror.pw
 * rpmfusion-nonfree: mirror.pw
 * rpmfusion-nonfree-updates: mirror.pw
 * updates: mirror.globo.com
Package system-config-users-1.3.5-1.fc20.noarch already installed and latest version
Nothing to do
====> Instalando Dev Tools...
Loaded plugins: fastestmirror, langpacks, refresh-packagekit
Loading mirror speeds from cached hostfile
 * fedora: mirror.globo.com
 * rpmfusion-free: mirror.pw
 * rpmfusion-free-updates: mirror.pw
 * rpmfusion-nonfree: mirror.pw
 * rpmfusion-nonfree-updates: mirror.pw
 * updates: mirror.globo.com
Package dos2unix-6.0.3-3.fc20.x86_64 already installed and latest version
Nothing to do
Loaded plugins: fastestmirror, langpacks, refresh-packagekit
Loading mirror speeds from cached hostfile
 * fedora: mirror.globo.com
 * rpmfusion-free: mirror.pw
 * rpmfusion-free-updates: mirror.pw
 * rpmfusion-nonfree: mirror.pw
 * rpmfusion-nonfree-updates: mirror.pw
 * updates: mirror.globo.com
Package 2:vim-enhanced-7.4.475-2.fc20.x86_64 already installed and latest version
Nothing to do
Loaded plugins: fastestmirror, langpacks, refresh-packagekit
Loading mirror speeds from cached hostfile
 * fedora: mirror.globo.com
 * rpmfusion-free: mirror.pw
 * rpmfusion-free-updates: mirror.pw
 * rpmfusion-nonfree: mirror.pw
 * rpmfusion-nonfree-updates: mirror.pw
 * updates: mirror.globo.com
Package nano-2.3.2-4.fc20.x86_64 already installed and latest version
Nothing to do
Loaded plugins: fastestmirror, langpacks, refresh-packagekit
Loading mirror speeds from cached hostfile
 * fedora: mirror.globo.com
 * rpmfusion-free: mirror.pw
 * rpmfusion-free-updates: mirror.pw
 * rpmfusion-nonfree: mirror.pw
 * rpmfusion-nonfree-updates: mirror.pw
 * updates: mirror.globo.com
Package git-1.9.3-1.fc20.x86_64 already installed and latest version
Nothing to do
Loaded plugins: fastestmirror, langpacks, refresh-packagekit
Loading mirror speeds from cached hostfile
 * fedora: mirror.globo.com
 * rpmfusion-free: mirror.pw
 * rpmfusion-free-updates: mirror.pw
 * rpmfusion-nonfree: mirror.pw
 * rpmfusion-nonfree-updates: mirror.pw
 * updates: mirror.globo.com
Package subversion-1.8.10-1.fc20.x86_64 already installed and latest version
Nothing to do
Loaded plugins: fastestmirror, langpacks, refresh-packagekit
Loading mirror speeds from cached hostfile
 * fedora: mirror.globo.com
 * rpmfusion-free: mirror.pw
 * rpmfusion-free-updates: mirror.pw
 * rpmfusion-nonfree: mirror.pw
 * rpmfusion-nonfree-updates: mirror.pw
 * updates: mirror.globo.com
Package curl-7.32.0-14.fc20.x86_64 already installed and latest version
Nothing to do
Loaded plugins: fastestmirror, langpacks, refresh-packagekit
Loading mirror speeds from cached hostfile
 * fedora: mirror.globo.com
 * rpmfusion-free: mirror.pw
 * rpmfusion-free-updates: mirror.pw
 * rpmfusion-nonfree: mirror.pw
 * rpmfusion-nonfree-updates: mirror.pw
 * updates: mirror.globo.com
Package wget-1.14-12.fc20.x86_64 already installed and latest version
Nothing to do
Loaded plugins: fastestmirror, langpacks, refresh-packagekit
Loading mirror speeds from cached hostfile
 * fedora: mirror.globo.com
 * rpmfusion-free: mirror.pw
 * rpmfusion-free-updates: mirror.pw
 * rpmfusion-nonfree: mirror.pw
 * rpmfusion-nonfree-updates: mirror.pw
 * updates: mirror.globo.com
Package python-devel-2.7.5-14.fc20.x86_64 already installed and latest version
Nothing to do
sublime...
Loaded plugins: fastestmirror, langpacks, refresh-packagekit
Loading mirror speeds from cached hostfile
 * fedora: mirror.globo.com
 * rpmfusion-free: mirror.pw
 * rpmfusion-free-updates: mirror.pw
 * rpmfusion-nonfree: mirror.pw
 * rpmfusion-nonfree-updates: mirror.pw
 * updates: mirror.globo.com
No package sublime-text available.

Sublime Text 3 installed successfully!
Run with: subl
python...
Loaded plugins: fastestmirror, langpacks, refresh-packagekit
Loading mirror speeds from cached hostfile
 * fedora: mirror.globo.com
 * rpmfusion-free: mirror.pw
 * rpmfusion-free-updates: mirror.pw
 * rpmfusion-nonfree: mirror.pw
 * rpmfusion-nonfree-updates: mirror.pw
 * updates: mirror.globo.com
Package python-pip-1.4.1-1.fc20.noarch already installed and latest version
Nothing to do
====> Instalando Infra Tools...
Loaded plugins: fastestmirror, langpacks, refresh-packagekit
Loading mirror speeds from cached hostfile
 * fedora: mirror.globo.com
 * rpmfusion-free: mirror.pw
 * rpmfusion-free-updates: mirror.pw
 * rpmfusion-nonfree: mirror.pw
 * rpmfusion-nonfree-updates: mirror.pw
 * updates: mirror.globo.com
Package keepass-2.27-1.fc20.x86_64 already installed and latest version
Nothing to do
Loaded plugins: fastestmirror, langpacks, refresh-packagekit
Loading mirror speeds from cached hostfile
 * fedora: mirror.globo.com
 * rpmfusion-free: mirror.pw
 * rpmfusion-free-updates: mirror.pw
 * rpmfusion-nonfree: mirror.pw
 * rpmfusion-nonfree-updates: mirror.pw
 * updates: mirror.globo.com
Package docker-io-1.3.0-1.fc20.x86_64 already installed and latest version
Nothing to do
Loaded plugins: fastestmirror, langpacks, refresh-packagekit
Loading mirror speeds from cached hostfile
 * fedora: mirror.globo.com
 * rpmfusion-free: mirror.pw
 * rpmfusion-free-updates: mirror.pw
 * rpmfusion-nonfree: mirror.pw
 * rpmfusion-nonfree-updates: mirror.pw
 * updates: mirror.globo.com
Package ansible-1.7.2-1.fc20.noarch already installed and latest version
Nothing to do
====> Instalando Videos Tools...
Loaded plugins: fastestmirror, langpacks, refresh-packagekit
Loading mirror speeds from cached hostfile
 * fedora: mirror.globo.com
 * rpmfusion-free: mirror.pw
 * rpmfusion-free-updates: mirror.pw
 * rpmfusion-nonfree: mirror.pw
 * rpmfusion-nonfree-updates: mirror.pw
 * updates: mirror.globo.com
Package vlc-2.1.5-1.fc20.x86_64 already installed and latest version
Nothing to do
Loaded plugins: fastestmirror, langpacks, refresh-packagekit
Loading mirror speeds from cached hostfile
 * fedora: mirror.globo.com
 * rpmfusion-free: mirror.pw
 * rpmfusion-free-updates: mirror.pw
 * rpmfusion-nonfree: mirror.pw
 * rpmfusion-nonfree-updates: mirror.pw
 * updates: mirror.globo.com
Package transmission-2.84-1.fc20.x86_64 already installed and latest version
Nothing to do
Loaded plugins: fastestmirror, langpacks, refresh-packagekit
Loading mirror speeds from cached hostfile
 * fedora: mirror.globo.com
 * rpmfusion-free: mirror.pw
 * rpmfusion-free-updates: mirror.pw
 * rpmfusion-nonfree: mirror.pw
 * rpmfusion-nonfree-updates: mirror.pw
 * updates: mirror.globo.com
Package 1:qbittorrent-3.1.10-1.fc20.x86_64 already installed and latest version
Nothing to do
====> Adicionando Mp3 codec!
Loaded plugins: fastestmirror, langpacks, refresh-packagekit
Loading mirror speeds from cached hostfile
 * fedora: mirror.globo.com
 * rpmfusion-free: mirror.pw
 * rpmfusion-free-updates: mirror.pw
 * rpmfusion-nonfree: mirror.pw
 * rpmfusion-nonfree-updates: mirror.pw
 * updates: mirror.globo.com
No package gstreamer1-ffmpeg available.
Package gstreamer1-libav-1.2.4-3.fc20.x86_64 already installed and latest version
Package gstreamer1-plugins-good-1.2.4-2.fc20.x86_64 already installed and latest version
Package gstreamer1-plugins-ugly-1.2.4-1.fc20.x86_64 already installed and latest version
No package gstreamer1-plugins-bad available.
Package gstreamer1-plugins-bad-free-1.2.4-1.fc20.x86_64 already installed and latest version
No package gstreamer1-plugins-bad-nonfree available.
Package gstreamer-ffmpeg-0.10.13-14.fc20.x86_64 already installed and latest version
No package gstreamer-libav available.
Package gstreamer-plugins-good-0.10.31-10.fc20.x86_64 already installed and latest version
Package gstreamer-plugins-ugly-0.10.19-14.fc20.x86_64 already installed and latest version
Package gstreamer-plugins-bad-0.10.23-5.fc20.x86_64 already installed and latest version
Package gstreamer-plugins-bad-free-0.10.23-20.fc20.x86_64 already installed and latest version
Package gstreamer-plugins-bad-nonfree-0.10.23-2.fc19.x86_64 already installed and latest version
Package ffmpeg-2.1.5-1.fc20.x86_64 already installed and latest version
Nothing to do
====> Instalando VirtualBox...
arquivo do repositorio existe: /etc/yum.repos.d/virtualbox.repo
Loaded plugins: fastestmirror, langpacks, refresh-packagekit
Loading mirror speeds from cached hostfile
 * fedora: mirror.globo.com
 * rpmfusion-free: mirror.pw
 * rpmfusion-free-updates: mirror.pw
 * rpmfusion-nonfree: mirror.pw
 * rpmfusion-nonfree-updates: mirror.pw
 * updates: mirror.globo.com
Package VirtualBox-4.3-4.3.18_96516_fedora18-1.x86_64 already installed and latest version
Nothing to do
====> Instalando Image Tools!
Loaded plugins: fastestmirror, langpacks, refresh-packagekit
Loading mirror speeds from cached hostfile
 * fedora: mirror.globo.com
 * rpmfusion-free: mirror.pw
 * rpmfusion-free-updates: mirror.pw
 * rpmfusion-nonfree: mirror.pw
 * rpmfusion-nonfree-updates: mirror.pw
 * updates: mirror.globo.com
Package pinta-1.4-2.fc19.x86_64 already installed and latest version
Nothing to do
